Loading climacommon/2025_05_15
  Loading requirement: climaauth/2025_05_15 openmpi/4.1.5-mpitrampoline
    julia/1.11.5 cuda/julia-pref
Precompiling project...
  20432.9 ms  ✓ ClimaAtmos
  42311.6 ms  ✓ PrecompileCI
  2 dependencies successfully precompiled in 73 seconds. 606 already precompiled.
Status `~/calkit/clima-local-geometry/ClimaAtmos.jl-mod/.buildkite/Project.toml`
  [c7e460c6] ArgParse v1.2.0
  [a14bc488] ArtifactWrappers v0.2.0
  [6e4b80f9] BenchmarkTools v1.6.3
  [052768ef] CUDA v5.9.7
  [13f3f980] CairoMakie v0.15.9
  [29b5916a] ClimaAnalysis v0.5.21
  [b2c96348] ClimaAtmos v0.36.1 `..`
  [3a4d1b5c] ClimaComms v0.6.10
  [d414da3d] ClimaCore v0.14.50
  [c2caaa1d] ClimaCoreSpectra v0.1.4
  [d934ef94] ClimaCoreTempestRemap v0.3.18
  [1ecacbb8] ClimaDiagnostics v0.3.3
  [5c42b081] ClimaParams v1.0.14
  [e0c89595] ClimaReproducibilityTests v0.1.2
  [595c0a79] ClimaTimeSteppers v0.8.8
  [b3f4f4ca] ClimaUtilities v0.1.27
⌃ [2b5f629d] DiffEqBase v6.183.2
  [f67ccb44] HDF5 v0.17.2
⌅ [a98d9a8b] Interpolations v0.15.1
  [8197267c] IntervalSets v0.7.13
  [033835bb] JLD2 v0.6.3
  [682c06a0] JSON v1.4.0
  [ba0b0d4f] Krylov v0.10.5
  [da04e1cc] MPI v0.20.23
⌃ [85f8d34a] NCDatasets v0.14.8
  [0d71be07] NullBroadcasts v0.1.0
  [bac558e1] OrderedCollections v1.8.1
  [76d61242] PrecompileCI v0.1.0 `PrecompileCI`
  [08abe8d2] PrettyTables v3.2.3
  [efd6af41] ProfileCanvas v0.1.7
⌅ [0bca4576] SciMLBase v2.112.0
⌅ [aa65fe97] SnoopCompile v3.1.4
⌅ [e2b509da] SnoopCompileCore v3.0.0
  [10745b16] Statistics v1.11.1
  [2913bbd2] StatsBase v0.34.10
  [ddb6d928] YAML v0.4.16
⌅ [9c32591e] Poppler_jll v24.6.0+0
  [9abbd945] Profile v1.11.0
  [9a3f8284] Random v1.11.0
  [8dfed614] Test v1.11.0
Info Packages marked with ⌃ and ⌅ have new versions available. Those with ⌃ may be upgradable, but those with ⌅ are restricted by compatibility constraints from upgrading. To see why use `status --outdated`
┌ Warning: The configuration passed to ClimaAtmos contains unused keys: edmfx_upwinding
└ @ ClimaAtmos ~/calkit/clima-local-geometry/ClimaAtmos.jl-mod/src/solver/yaml_helper.jl:89
┌ Info: Making AtmosConfig with config files: 
└    /home/pbachant/calkit/clima-local-geometry/ClimaAtmos.jl-mod/src/solver/../../config/default_configs/default_config.yml
[ Info: Running on CUDADevice
[ Info: Setting up single-process ClimaAtmos run
┌ Info: Time info:
│   dt = "120secs"
│   t_start = "0secs"
│   t_end = "14400.0secs"
└   floor_n_steps = 120
┌ Info: numerics 
│        `energy_q_tot_upwinding`::`Val{:vanleer_limiter}`
│              `tracer_upwinding`::`Val{:vanleer_limiter}`
│     `edmfx_mse_q_tot_upwinding`::`Val{:first_order}`
│       `edmfx_sgsflux_upwinding`::`Val{:none}`
│        `edmfx_tracer_upwinding`::`Val{:first_order}`
│       `test_dycore_consistency`::`Nothing`
│          `reproducible_restart`::`Nothing`
│                       `limiter`::`Nothing`
│                     `diff_mode`::`ClimaAtmos.Implicit`
└                     `hyperdiff`::`ClimaAtmos.Hyperdiffusion{Float32}`
┌ Info: AtmosModel: 
│ 
│                             `water`::`ClimaAtmos.AtmosWater{ClimaAtmos.NonEquilibriumMicrophysics1M, ClimaAtmos.QuadratureCloud, ClimaAtmos.Explicit, Nothing, ClimaAtmos.SGSQuadrature{3, StaticArraysCore.SVector{3, Float32}, StaticArraysCore.SVector{3, Float32}, ClimaAtmos.LogNormalSGS, Float32}}`
│                         `scm_setup`::`ClimaAtmos.SCMSetup{Nothing, Nothing, Nothing, Bool, Nothing}`
│                         `radiation`::`ClimaAtmos.AtmosRadiation{ClimaAtmos.RRTMGPInterface.AllSkyRadiationWithClearSkyDiagnostics{ClimaAtmos.InteractiveCloudInRadiation}, ClimaAtmos.TimeVaryingInsolation}`
│                          `turbconv`::`ClimaAtmos.AtmosTurbconv{ClimaAtmos.EDMFXModel{ClimaAtmos.InvZEntrainment, ClimaAtmos.BuoyancyVelocityDetrainment, Val{true}, Val{true}, Val{true}, Val{true}, Val{true}, ClimaAtmos.SmoothMinimumBlending}, ClimaAtmos.PrognosticEDMFX{1, true, Float32}, ClimaAtmos.Implicit, ClimaAtmos.Implicit, ClimaAtmos.Implicit, ClimaAtmos.Implicit, ClimaAtmos.Implicit, Nothing, Nothing, Nothing}`
│                   `prescribed_flow`::`Nothing`
│                      `gravity_wave`::`ClimaAtmos.AtmosGravityWave{Nothing, Nothing}`
│                `vertical_diffusion`::`Nothing`
│                            `sponge`::`ClimaAtmos.AtmosSponge{ClimaAtmos.ViscousSponge{Float32}, ClimaAtmos.RayleighSponge{Float32}}`
│                           `surface`::`ClimaAtmos.AtmosSurface{ClimaAtmos.ZonallySymmetricSST, ClimaAtmos.PrescribedSST, ClimaAtmos.ConstantAlbedo{Float32}}`
└                          `numerics`::`ClimaAtmos.AtmosNumerics{Val{:vanleer_limiter}, Val{:vanleer_limiter}, Val{:first_order}, Val{:none}, Val{:first_order}, Nothing, Nothing, Nothing, ClimaAtmos.Implicit, ClimaAtmos.Hyperdiffusion{Float32}}`
┌ Info: Simulation info
│   job_id = "progedmf_1m"
└   output_dir = "output/progedmf_1m/output_0060"
┌ Info: Simulation Grid: ExtrudedFiniteDifferenceGrid:
│   horizontal:
│     context: SingletonCommsContext using CUDADevice
│     mesh: 16×16×6-element EquiangularCubedSphere of SphereDomain: radius = 6.371e6
│     quadrature: 4-point Gauss-Legendre-Lobatto quadrature
│   vertical:
└     mesh: 63-element IntervalMesh of IntervalDomain: z ∈ [0.0,60000.0] (:bottom, :top)
[ Info: Allocating Y: 6.927 s (13378291 allocations: 639.11 MiB)
[ Info: Allocating cache (p): 147.677 s (489995170 allocations: 27.01 GiB)
[ Info: Using ODE config: `ClimaTimeSteppers.ARS343`
[ Info: ode_configuration: 759.42 ms (1445359 allocations: 71.81 MiB)
[ Info: get_callbacks: 253.021 ms (429715 allocations: 21.96 MiB)
[ Info: Saving accumulated diagnostics to disk with frequency: 1 hour
[ Info: DictWriter: String[]
[ Info: HDF5Writer: String[]
[ Info: NetCDFWriter: ["ts_1h_average", "ta_1h_average", "tas_1h_average", "uas_1h_average", "vas_1h_average", "thetaa_1h_average", "ha_1h_average", "pfull_1h_average", "zg_1h_average", "rhoa_1h_average", "ua_1h_average", "va_1h_average", "wa_1h_average", "hfes_1h_average", "hfss_1h_average", "ts_1h_min", "ts_1h_max", "hur_1h_average", "hus_1h_average", "cl_1h_average", "clw_1h_average", "cli_1h_average", "hussfc_1h_average", "evspsbl_1h_average", "hfls_1h_average", "pr_1h_average", "prra_1h_average", "prsn_1h_average", "prw_1h_average", "lwp_1h_average", "clwvi_1h_average", "clivi_1h_average", "husra_1h_average", "hussn_1h_average", "rsd_1h_average", "rsdt_1h_average", "rsds_1h_average", "rsu_1h_average", "rsut_1h_average", "rsus_1h_average", "rld_1h_average", "rlds_1h_average", "rlu_1h_average", "rlut_1h_average", "rlus_1h_average", "rsdcs_1h_average", "rsdscs_1h_average", "rsucs_1h_average", "rsutcs_1h_average", "rsuscs_1h_average", "rldcs_1h_average", "rldscs_1h_average", "rlucs_1h_average", "rlutcs_1h_average", "arup_1h_average", "rhoaup_1h_average", "waup_1h_average", "taup_1h_average", "thetaaup_1h_average", "haup_1h_average", "husup_1h_average", "hurup_1h_average", "clwup_1h_average", "cliup_1h_average", "aren_1h_average", "rhoaen_1h_average", "waen_1h_average", "taen_1h_average", "thetaaen_1h_average", "haen_1h_average", "husen_1h_average", "huren_1h_average", "clwen_1h_average", "clien_1h_average", "tke_1h_average", "lmix_1h_average"]
[ Info: initializing diagnostics: 14.362 s (38365600 allocations: 1.94 GiB)
[ Info: Prepared SciMLBase.CallbackSet callbacks: 12.311 ms (561 allocations: 27.4 KiB)
[ Info: n_steps_per_cycle_per_cb (non diagnostics): [1024, 1, 30, 1]
[ Info: n_steps_per_cycle (non diagnostics): 15360
┌ Info: Jacobian algorithm: ManualSparseJacobian(
│   topography_flag = ClimaAtmos.IgnoreDerivative(),
│   diffusion_flag = ClimaAtmos.UseDerivative(),
│   sgs_advection_flag = ClimaAtmos.UseDerivative(),
│   sgs_entr_detr_flag = ClimaAtmos.UseDerivative(),
│   sgs_mass_flux_flag = ClimaAtmos.UseDerivative(),
│   sgs_nh_pressure_flag = ClimaAtmos.UseDerivative(),
│   sgs_vertdiff_flag = ClimaAtmos.UseDerivative(),
│   approximate_solve_iters = 2,
└ )
┌ Info: Jacobian algorithm: ManualSparseJacobian(
│   topography_flag = ClimaAtmos.IgnoreDerivative(),
│   diffusion_flag = ClimaAtmos.UseDerivative(),
│   sgs_advection_flag = ClimaAtmos.UseDerivative(),
│   sgs_entr_detr_flag = ClimaAtmos.UseDerivative(),
│   sgs_mass_flux_flag = ClimaAtmos.UseDerivative(),
│   sgs_nh_pressure_flag = ClimaAtmos.UseDerivative(),
│   sgs_vertdiff_flag = ClimaAtmos.UseDerivative(),
│   approximate_solve_iters = 2,
└ )
[ Info: init integrator: 77.648 s (111193760 allocations: 6.84 GiB)
[ Info: Added diagnostics: 27.82 s (70883645 allocations: 3.5 GiB)
┌ Info: Running
│   job_id = "progedmf_1m"
│   output_dir = "output/progedmf_1m/output_0060"
└   tspan = (0.0f0, 14400.0f0)
┌ Info: Progress
│   simulation_time = "2 minutes, 4 microseconds"
│   n_steps_completed = 1
│   wall_time_per_step = "0 seconds"
│   wall_time_total = "0 seconds"
│   wall_time_remaining = "0 seconds"
│   wall_time_spent = "0 seconds"
│   percent_complete = "0.8%"
│   estimated_sypd = "Inf"
│   date_now = 2026-03-09T14:24:53.046
└   estimated_finish_date = 2026-03-09T14:24:53.043
┌ Info: Progress
│   simulation_time = "4 minutes, 8 microseconds"
│   n_steps_completed = 2
│   wall_time_per_step = "17 seconds, 332 milliseconds"
│   wall_time_total = "34 minutes, 39 seconds"
│   wall_time_remaining = "34 minutes, 5 seconds"
│   wall_time_spent = "34 seconds, 665 milliseconds"
│   percent_complete = "1.7%"
│   estimated_sypd = "0.019"
│   date_now = 2026-03-09T14:25:10.297
└   estimated_finish_date = 2026-03-09T14:59:16.297
┌ Info: Progress
│   simulation_time = "8 minutes, 16 microseconds"
│   n_steps_completed = 4
│   wall_time_per_step = "8 seconds, 997 milliseconds"
│   wall_time_total = "17 minutes, 59 seconds"
│   wall_time_remaining = "17 minutes, 23 seconds"
│   wall_time_spent = "35 seconds, 990 milliseconds"
│   percent_complete = "3.3%"
│   estimated_sypd = "0.037"
│   date_now = 2026-03-09T14:25:11.540
└   estimated_finish_date = 2026-03-09T14:42:35.540
┌ Info: Progress
│   simulation_time = "16 minutes, 32 microseconds"
│   n_steps_completed = 8
│   wall_time_per_step = "4 seconds, 812 milliseconds"
│   wall_time_total = "9 minutes, 37 seconds"
│   wall_time_remaining = "8 minutes, 59 seconds"
│   wall_time_spent = "38 seconds, 503 milliseconds"
│   percent_complete = "6.7%"
│   estimated_sypd = "0.068"
│   date_now = 2026-03-09T14:25:14.052
└   estimated_finish_date = 2026-03-09T14:34:14.052
┌ Info: Progress
│   simulation_time = "29 minutes, 59 seconds"
│   n_steps_completed = 15
│   wall_time_per_step = "2 seconds, 859 milliseconds"
│   wall_time_total = "5 minutes, 43 seconds"
│   wall_time_remaining = "5 minutes, 298 milliseconds"
│   wall_time_spent = "42 seconds, 899 milliseconds"
│   percent_complete = "12.5%"
│   estimated_sypd = "0.115"
│   date_now = 2026-03-09T14:25:18.449
└   estimated_finish_date = 2026-03-09T14:30:19.449
┌ Info: Progress
│   simulation_time = "32 minutes, 65 microseconds"
│   n_steps_completed = 16
│   wall_time_per_step = "2 seconds, 720 milliseconds"
│   wall_time_total = "5 minutes, 26 seconds"
│   wall_time_remaining = "4 minutes, 42 seconds"
│   wall_time_spent = "43 seconds, 527 milliseconds"
│   percent_complete = "13.3%"
│   estimated_sypd = "0.121"
│   date_now = 2026-03-09T14:25:19.076
└   estimated_finish_date = 2026-03-09T14:30:02.076
┌ Info: Progress
│   simulation_time = "45 minutes, 59 seconds"
│   n_steps_completed = 23
│   wall_time_per_step = "2 seconds, 83 milliseconds"
│   wall_time_total = "4 minutes, 10 seconds"
│   wall_time_remaining = "3 minutes, 22 seconds"
│   wall_time_spent = "47 seconds, 921 milliseconds"
│   percent_complete = "19.2%"
│   estimated_sypd = "0.158"
│   date_now = 2026-03-09T14:25:23.471
└   estimated_finish_date = 2026-03-09T14:28:46.471
┌ Info: Progress
│   simulation_time = "59 minutes, 59 seconds"
│   n_steps_completed = 30
│   wall_time_per_step = "1 second, 743 milliseconds"
│   wall_time_total = "3 minutes, 29 seconds"
│   wall_time_remaining = "2 minutes, 36 seconds"
│   wall_time_spent = "52 seconds, 319 milliseconds"
│   percent_complete = "25.0%"
│   estimated_sypd = "0.188"
│   date_now = 2026-03-09T14:25:27.868
└   estimated_finish_date = 2026-03-09T14:28:04.868
┌ Info: Progress
│   simulation_time = "1 hour, 4 minutes"
│   n_steps_completed = 32
│   wall_time_per_step = "3 seconds, 173 milliseconds"
│   wall_time_total = "6 minutes, 20 seconds"
│   wall_time_remaining = "4 minutes, 39 seconds"
│   wall_time_spent = "1 minute, 41 seconds"
│   percent_complete = "26.7%"
│   estimated_sypd = "0.104"
│   date_now = 2026-03-09T14:26:17.119
└   estimated_finish_date = 2026-03-09T14:30:57.119
┌ Info: Progress
│   simulation_time = "1 hour, 18 minutes"
│   n_steps_completed = 39
│   wall_time_per_step = "2 seconds, 720 milliseconds"
│   wall_time_total = "5 minutes, 26 seconds"
│   wall_time_remaining = "3 minutes, 40 seconds"
│   wall_time_spent = "1 minute, 46 seconds"
│   percent_complete = "32.5%"
│   estimated_sypd = "0.121"
│   date_now = 2026-03-09T14:26:21.642
└   estimated_finish_date = 2026-03-09T14:30:02.642
┌ Info: Progress
│   simulation_time = "1 hour, 31 minutes"
│   n_steps_completed = 46
│   wall_time_per_step = "2 seconds, 403 milliseconds"
│   wall_time_total = "4 minutes, 48 seconds"
│   wall_time_remaining = "2 minutes, 57 seconds"
│   wall_time_spent = "1 minute, 50 seconds"
│   percent_complete = "38.3%"
│   estimated_sypd = "0.137"
│   date_now = 2026-03-09T14:26:26.129
└   estimated_finish_date = 2026-03-09T14:29:24.129
┌ Info: Progress
│   simulation_time = "1 hour, 45 minutes"
│   n_steps_completed = 53
│   wall_time_per_step = "2 seconds, 171 milliseconds"
│   wall_time_total = "4 minutes, 20 seconds"
│   wall_time_remaining = "2 minutes, 25 seconds"
│   wall_time_spent = "1 minute, 55 seconds"
│   percent_complete = "44.2%"
│   estimated_sypd = "0.151"
│   date_now = 2026-03-09T14:26:30.639
└   estimated_finish_date = 2026-03-09T14:28:56.639
┌ Info: Progress
│   simulation_time = "1 hour, 59 minutes"
│   n_steps_completed = 60
│   wall_time_per_step = "1 second, 993 milliseconds"
│   wall_time_total = "3 minutes, 59 seconds"
│   wall_time_remaining = "1 minute, 59 seconds"
│   wall_time_spent = "1 minute, 59 seconds"
│   percent_complete = "50.0%"
│   estimated_sypd = "0.165"
│   date_now = 2026-03-09T14:26:35.149
└   estimated_finish_date = 2026-03-09T14:28:35.149
┌ Info: Progress
│   simulation_time = "2 hours, 8 minutes"
│   n_steps_completed = 64
│   wall_time_per_step = "1 second, 969 milliseconds"
│   wall_time_total = "3 minutes, 56 seconds"
│   wall_time_remaining = "1 minute, 50 seconds"
│   wall_time_spent = "2 minutes, 6 seconds"
│   percent_complete = "53.3%"
│   estimated_sypd = "0.167"
│   date_now = 2026-03-09T14:26:41.581
└   estimated_finish_date = 2026-03-09T14:28:32.581
┌ Info: Progress
│   simulation_time = "2 hours, 21 minutes"
│   n_steps_completed = 71
│   wall_time_per_step = "1 second, 838 milliseconds"
│   wall_time_total = "3 minutes, 40 seconds"
│   wall_time_remaining = "1 minute, 30 seconds"
│   wall_time_spent = "2 minutes, 10 seconds"
│   percent_complete = "59.2%"
│   estimated_sypd = "0.179"
│   date_now = 2026-03-09T14:26:46.090
└   estimated_finish_date = 2026-03-09T14:28:17.090
┌ Info: Progress
│   simulation_time = "2 hours, 36 minutes"
│   n_steps_completed = 78
│   wall_time_per_step = "1 second, 731 milliseconds"
│   wall_time_total = "3 minutes, 27 seconds"
│   wall_time_remaining = "1 minute, 12 seconds"
│   wall_time_spent = "2 minutes, 15 seconds"
│   percent_complete = "65.0%"
│   estimated_sypd = "0.19"
│   date_now = 2026-03-09T14:26:50.600
└   estimated_finish_date = 2026-03-09T14:28:03.600
┌ Info: Progress
│   simulation_time = "2 hours, 49 minutes"
│   n_steps_completed = 85
│   wall_time_per_step = "1 second, 641 milliseconds"
│   wall_time_total = "3 minutes, 17 seconds"
│   wall_time_remaining = "57 seconds, 465 milliseconds"
│   wall_time_spent = "2 minutes, 19 seconds"
│   percent_complete = "70.8%"
│   estimated_sypd = "0.2"
│   date_now = 2026-03-09T14:26:55.108
└   estimated_finish_date = 2026-03-09T14:27:53.108
┌ Info: Progress
│   simulation_time = "3 hours, 3 minutes"
│   n_steps_completed = 92
│   wall_time_per_step = "1 second, 606 milliseconds"
│   wall_time_total = "3 minutes, 12 seconds"
│   wall_time_remaining = "44 seconds, 974 milliseconds"
│   wall_time_spent = "2 minutes, 27 seconds"
│   percent_complete = "76.7%"
│   estimated_sypd = "0.205"
│   date_now = 2026-03-09T14:27:03.323
└   estimated_finish_date = 2026-03-09T14:27:48.323
┌ Info: Progress
│   simulation_time = "3 hours, 18 minutes"
│   n_steps_completed = 99
│   wall_time_per_step = "1 second, 538 milliseconds"
│   wall_time_total = "3 minutes, 4 seconds"
│   wall_time_remaining = "32 seconds, 303 milliseconds"
│   wall_time_spent = "2 minutes, 32 seconds"
│   percent_complete = "82.5%"
│   estimated_sypd = "0.214"
│   date_now = 2026-03-09T14:27:07.835
└   estimated_finish_date = 2026-03-09T14:27:40.835
┌ Info: Progress
│   simulation_time = "3 hours, 31 minutes"
│   n_steps_completed = 106
│   wall_time_per_step = "1 second, 479 milliseconds"
│   wall_time_total = "2 minutes, 57 seconds"
│   wall_time_remaining = "20 seconds, 708 milliseconds"
│   wall_time_spent = "2 minutes, 36 seconds"
│   percent_complete = "88.3%"
│   estimated_sypd = "0.222"
│   date_now = 2026-03-09T14:27:12.345
└   estimated_finish_date = 2026-03-09T14:27:33.345
┌ Info: Progress
│   simulation_time = "3 hours, 46 minutes"
│   n_steps_completed = 113
│   wall_time_per_step = "1 second, 427 milliseconds"
│   wall_time_total = "2 minutes, 51 seconds"
│   wall_time_remaining = "9 seconds, 992 milliseconds"
│   wall_time_spent = "2 minutes, 41 seconds"
│   percent_complete = "94.2%"
│   estimated_sypd = "0.23"
│   date_now = 2026-03-09T14:27:16.854
└   estimated_finish_date = 2026-03-09T14:27:26.854
┌ Info: Progress
│   simulation_time = "3 hours, 59 minutes"
│   n_steps_completed = 120
│   wall_time_per_step = "1 second, 381 milliseconds"
│   wall_time_total = "2 minutes, 45 seconds"
│   wall_time_remaining = "0 seconds"
│   wall_time_spent = "2 minutes, 45 seconds"
│   percent_complete = "100.0%"
│   estimated_sypd = "0.238"
│   date_now = 2026-03-09T14:27:21.363
└   estimated_finish_date = 2026-03-09T14:27:21.363
[ Info: solve! walltime = 135.44
[ Info: sypd: 0.291
[ Info: wall_time_per_timestep: 1 second, 128 milliseconds
[ Info: Memory currently used (after solve!) by the process (RSS): 15.81 GiB
┌ Info: Simulation complete
│   job_id = "progedmf_1m"
└   output_dir = "output/progedmf_1m/output_0060"
